
*** Running vivado
    with args -log Top_Module.vdi -applog -m64 -product Vivado -messageDb vivado.pb -mode batch -source Top_Module.tcl -notrace



****** Vivado v2020.2 (64-bit)
  **** SW Build 3064766 on Wed Nov 18 09:12:45 MST 2020
  **** IP Build 3064653 on Wed Nov 18 14:17:31 MST 2020
    ** Copyright 1986-2020 Xilinx, Inc. All Rights Reserved.

source Top_Module.tcl -notrace
Command: link_design -top Top_Module -part xc7a35tcpg236-1
Design is defaulting to srcset: sources_1
Design is defaulting to constrset: constrs_1
INFO: [Device 21-403] Loading part xc7a35tcpg236-1
Netlist sorting complete. Time (s): cpu = 00:00:00 ; elapsed = 00:00:00.001 . Memory (MB): peak = 1019.848 ; gain = 0.000
INFO: [Project 1-479] Netlist was created with Vivado 2020.2
INFO: [Project 1-570] Preparing netlist for logic optimization
Parsing XDC File [C:/Users/rafat/OneDrive/Documents/FPGA/FPGA/projects/FourBitAdder/Seven_Segment/Seven_Segment.srcs/constrs_1/new/Four_Bit_adder.xdc]
WARNING: [Vivado 12-584] No ports matched 'seg[6]'. [C:/Users/rafat/OneDrive/Documents/FPGA/FPGA/projects/FourBitAdder/Seven_Segment/Seven_Segment.srcs/constrs_1/new/Four_Bit_adder.xdc:24]
CRITICAL WARNING: [Common 17-55] 'set_property' expects at least one object. [C:/Users/rafat/OneDrive/Documents/FPGA/FPGA/projects/FourBitAdder/Seven_Segment/Seven_Segment.srcs/constrs_1/new/Four_Bit_adder.xdc:24]
Resolution: If [get_<value>] was used to populate the object, check to make sure this command returns at least one valid object.
WARNING: [Vivado 12-584] No ports matched 'seg[6]'. [C:/Users/rafat/OneDrive/Documents/FPGA/FPGA/projects/FourBitAdder/Seven_Segment/Seven_Segment.srcs/constrs_1/new/Four_Bit_adder.xdc:25]
CRITICAL WARNING: [Common 17-55] 'set_property' expects at least one object. [C:/Users/rafat/OneDrive/Documents/FPGA/FPGA/projects/FourBitAdder/Seven_Segment/Seven_Segment.srcs/constrs_1/new/Four_Bit_adder.xdc:25]
Resolution: If [get_<value>] was used to populate the object, check to make sure this command returns at least one valid object.
WARNING: [Vivado 12-584] No ports matched 'seg[5]'. [C:/Users/rafat/OneDrive/Documents/FPGA/FPGA/projects/FourBitAdder/Seven_Segment/Seven_Segment.srcs/constrs_1/new/Four_Bit_adder.xdc:26]
CRITICAL WARNING: [Common 17-55] 'set_property' expects at least one object. [C:/Users/rafat/OneDrive/Documents/FPGA/FPGA/projects/FourBitAdder/Seven_Segment/Seven_Segment.srcs/constrs_1/new/Four_Bit_adder.xdc:26]
Resolution: If [get_<value>] was used to populate the object, check to make sure this command returns at least one valid object.
WARNING: [Vivado 12-584] No ports matched 'seg[5]'. [C:/Users/rafat/OneDrive/Documents/FPGA/FPGA/projects/FourBitAdder/Seven_Segment/Seven_Segment.srcs/constrs_1/new/Four_Bit_adder.xdc:27]
CRITICAL WARNING: [Common 17-55] 'set_property' expects at least one object. [C:/Users/rafat/OneDrive/Documents/FPGA/FPGA/projects/FourBitAdder/Seven_Segment/Seven_Segment.srcs/constrs_1/new/Four_Bit_adder.xdc:27]
Resolution: If [get_<value>] was used to populate the object, check to make sure this command returns at least one valid object.
WARNING: [Vivado 12-584] No ports matched 'seg[4]'. [C:/Users/rafat/OneDrive/Documents/FPGA/FPGA/projects/FourBitAdder/Seven_Segment/Seven_Segment.srcs/constrs_1/new/Four_Bit_adder.xdc:28]
CRITICAL WARNING: [Common 17-55] 'set_property' expects at least one object. [C:/Users/rafat/OneDrive/Documents/FPGA/FPGA/projects/FourBitAdder/Seven_Segment/Seven_Segment.srcs/constrs_1/new/Four_Bit_adder.xdc:28]
Resolution: If [get_<value>] was used to populate the object, check to make sure this command returns at least one valid object.
WARNING: [Vivado 12-584] No ports matched 'seg[4]'. [C:/Users/rafat/OneDrive/Documents/FPGA/FPGA/projects/FourBitAdder/Seven_Segment/Seven_Segment.srcs/constrs_1/new/Four_Bit_adder.xdc:29]
CRITICAL WARNING: [Common 17-55] 'set_property' expects at least one object. [C:/Users/rafat/OneDrive/Documents/FPGA/FPGA/projects/FourBitAdder/Seven_Segment/Seven_Segment.srcs/constrs_1/new/Four_Bit_adder.xdc:29]
Resolution: If [get_<value>] was used to populate the object, check to make sure this command returns at least one valid object.
WARNING: [Vivado 12-584] No ports matched 'seg[3]'. [C:/Users/rafat/OneDrive/Documents/FPGA/FPGA/projects/FourBitAdder/Seven_Segment/Seven_Segment.srcs/constrs_1/new/Four_Bit_adder.xdc:30]
CRITICAL WARNING: [Common 17-55] 'set_property' expects at least one object. [C:/Users/rafat/OneDrive/Documents/FPGA/FPGA/projects/FourBitAdder/Seven_Segment/Seven_Segment.srcs/constrs_1/new/Four_Bit_adder.xdc:30]
Resolution: If [get_<value>] was used to populate the object, check to make sure this command returns at least one valid object.
WARNING: [Vivado 12-584] No ports matched 'seg[3]'. [C:/Users/rafat/OneDrive/Documents/FPGA/FPGA/projects/FourBitAdder/Seven_Segment/Seven_Segment.srcs/constrs_1/new/Four_Bit_adder.xdc:31]
CRITICAL WARNING: [Common 17-55] 'set_property' expects at least one object. [C:/Users/rafat/OneDrive/Documents/FPGA/FPGA/projects/FourBitAdder/Seven_Segment/Seven_Segment.srcs/constrs_1/new/Four_Bit_adder.xdc:31]
Resolution: If [get_<value>] was used to populate the object, check to make sure this command returns at least one valid object.
WARNING: [Vivado 12-584] No ports matched 'seg[2]'. [C:/Users/rafat/OneDrive/Documents/FPGA/FPGA/projects/FourBitAdder/Seven_Segment/Seven_Segment.srcs/constrs_1/new/Four_Bit_adder.xdc:32]
CRITICAL WARNING: [Common 17-55] 'set_property' expects at least one object. [C:/Users/rafat/OneDrive/Documents/FPGA/FPGA/projects/FourBitAdder/Seven_Segment/Seven_Segment.srcs/constrs_1/new/Four_Bit_adder.xdc:32]
Resolution: If [get_<value>] was used to populate the object, check to make sure this command returns at least one valid object.
WARNING: [Vivado 12-584] No ports matched 'seg[2]'. [C:/Users/rafat/OneDrive/Documents/FPGA/FPGA/projects/FourBitAdder/Seven_Segment/Seven_Segment.srcs/constrs_1/new/Four_Bit_adder.xdc:33]
CRITICAL WARNING: [Common 17-55] 'set_property' expects at least one object. [C:/Users/rafat/OneDrive/Documents/FPGA/FPGA/projects/FourBitAdder/Seven_Segment/Seven_Segment.srcs/constrs_1/new/Four_Bit_adder.xdc:33]
Resolution: If [get_<value>] was used to populate the object, check to make sure this command returns at least one valid object.
WARNING: [Vivado 12-584] No ports matched 'seg[1]'. [C:/Users/rafat/OneDrive/Documents/FPGA/FPGA/projects/FourBitAdder/Seven_Segment/Seven_Segment.srcs/constrs_1/new/Four_Bit_adder.xdc:34]
CRITICAL WARNING: [Common 17-55] 'set_property' expects at least one object. [C:/Users/rafat/OneDrive/Documents/FPGA/FPGA/projects/FourBitAdder/Seven_Segment/Seven_Segment.srcs/constrs_1/new/Four_Bit_adder.xdc:34]
Resolution: If [get_<value>] was used to populate the object, check to make sure this command returns at least one valid object.
WARNING: [Vivado 12-584] No ports matched 'seg[1]'. [C:/Users/rafat/OneDrive/Documents/FPGA/FPGA/projects/FourBitAdder/Seven_Segment/Seven_Segment.srcs/constrs_1/new/Four_Bit_adder.xdc:35]
CRITICAL WARNING: [Common 17-55] 'set_property' expects at least one object. [C:/Users/rafat/OneDrive/Documents/FPGA/FPGA/projects/FourBitAdder/Seven_Segment/Seven_Segment.srcs/constrs_1/new/Four_Bit_adder.xdc:35]
Resolution: If [get_<value>] was used to populate the object, check to make sure this command returns at least one valid object.
WARNING: [Vivado 12-584] No ports matched 'seg[0]'. [C:/Users/rafat/OneDrive/Documents/FPGA/FPGA/projects/FourBitAdder/Seven_Segment/Seven_Segment.srcs/constrs_1/new/Four_Bit_adder.xdc:36]
CRITICAL WARNING: [Common 17-55] 'set_property' expects at least one object. [C:/Users/rafat/OneDrive/Documents/FPGA/FPGA/projects/FourBitAdder/Seven_Segment/Seven_Segment.srcs/constrs_1/new/Four_Bit_adder.xdc:36]
Resolution: If [get_<value>] was used to populate the object, check to make sure this command returns at least one valid object.
WARNING: [Vivado 12-584] No ports matched 'seg[0]'. [C:/Users/rafat/OneDrive/Documents/FPGA/FPGA/projects/FourBitAdder/Seven_Segment/Seven_Segment.srcs/constrs_1/new/Four_Bit_adder.xdc:37]
CRITICAL WARNING: [Common 17-55] 'set_property' expects at least one object. [C:/Users/rafat/OneDrive/Documents/FPGA/FPGA/projects/FourBitAdder/Seven_Segment/Seven_Segment.srcs/constrs_1/new/Four_Bit_adder.xdc:37]
Resolution: If [get_<value>] was used to populate the object, check to make sure this command returns at least one valid object.
Finished Parsing XDC File [C:/Users/rafat/OneDrive/Documents/FPGA/FPGA/projects/FourBitAdder/Seven_Segment/Seven_Segment.srcs/constrs_1/new/Four_Bit_adder.xdc]
INFO: [Opt 31-138] Pushed 0 inverter(s) to 0 load pin(s).
Netlist sorting complete. Time (s): cpu = 00:00:00 ; elapsed = 00:00:00 . Memory (MB): peak = 1019.848 ; gain = 0.000
INFO: [Project 1-111] Unisim Transformation Summary:
No Unisim elements were transformed.

5 Infos, 14 Warnings, 14 Critical Warnings and 0 Errors encountered.
link_design completed successfully
link_design: Time (s): cpu = 00:00:07 ; elapsed = 00:00:08 . Memory (MB): peak = 1019.848 ; gain = 0.000
Command: opt_design
Attempting to get a license for feature 'Implementation' and/or device 'xc7a35t'
INFO: [Common 17-349] Got license for feature 'Implementation' and/or device 'xc7a35t'
Running DRC as a precondition to command opt_design

Starting DRC Task
INFO: [DRC 23-27] Running DRC with 2 threads
INFO: [Project 1-461] DRC finished with 0 Errors
INFO: [Project 1-462] Please refer to the DRC report (report_drc) for more information.

Time (s): cpu = 00:00:01 ; elapsed = 00:00:01 . Memory (MB): peak = 1019.848 ; gain = 0.000

Starting Cache Timing Information Task
INFO: [Timing 38-35] Done setting XDC timing constraints.
Ending Cache Timing Information Task | Checksum: ab973857

Time (s): cpu = 00:00:08 ; elapsed = 00:00:08 . Memory (MB): peak = 1322.609 ; gain = 302.762

Starting Logic Optimization Task

Phase 1 Retarget
INFO: [Opt 31-138] Pushed 0 inverter(s) to 0 load pin(s).
INFO: [Opt 31-49] Retargeted 0 cell(s).
Phase 1 Retarget | Checksum: ab973857

Time (s): cpu = 00:00:00 ; elapsed = 00:00:00.009 . Memory (MB): peak = 1532.188 ; gain = 0.000
INFO: [Opt 31-389] Phase Retarget created 0 cells and removed 0 cells

Phase 2 Constant propagation
INFO: [Opt 31-138] Pushed 0 inverter(s) to 0 load pin(s).
Phase 2 Constant propagation | Checksum: ab973857

Time (s): cpu = 00:00:00 ; elapsed = 00:00:00.010 . Memory (MB): peak = 1532.188 ; gain = 0.000
INFO: [Opt 31-389] Phase Constant propagation created 0 cells and removed 0 cells

Phase 3 Sweep
Phase 3 Sweep | Checksum: ab973857

Time (s): cpu = 00:00:00 ; elapsed = 00:00:00.011 . Memory (MB): peak = 1532.188 ; gain = 0.000
INFO: [Opt 31-389] Phase Sweep created 0 cells and removed 0 cells

Phase 4 BUFG optimization
Phase 4 BUFG optimization | Checksum: ab973857

Time (s): cpu = 00:00:00 ; elapsed = 00:00:00.013 . Memory (MB): peak = 1532.188 ; gain = 0.000
INFO: [Opt 31-662] Phase BUFG optimization created 0 cells of which 0 are BUFGs and removed 0 cells.

Phase 5 Shift Register Optimization
INFO: [Opt 31-1064] SRL Remap converted 0 SRLs to 0 registers and converted 0 registers of register chains to 0 SRLs
Phase 5 Shift Register Optimization | Checksum: ab973857

Time (s): cpu = 00:00:00 ; elapsed = 00:00:00.014 . Memory (MB): peak = 1532.188 ; gain = 0.000
INFO: [Opt 31-389] Phase Shift Register Optimization created 0 cells and removed 0 cells

Phase 6 Post Processing Netlist
Phase 6 Post Processing Netlist | Checksum: ab973857

Time (s): cpu = 00:00:00 ; elapsed = 00:00:00.014 . Memory (MB): peak = 1532.188 ; gain = 0.000
INFO: [Opt 31-389] Phase Post Processing Netlist created 0 cells and removed 0 cells
Opt_design Change Summary
=========================


-------------------------------------------------------------------------------------------------------------------------
|  Phase                        |  #Cells created  |  #Cells Removed  |  #Constrained objects preventing optimizations  |
-------------------------------------------------------------------------------------------------------------------------
|  Retarget                     |               0  |               0  |                                              0  |
|  Constant propagation         |               0  |               0  |                                              0  |
|  Sweep                        |               0  |               0  |                                              0  |
|  BUFG optimization            |               0  |               0  |                                              0  |
|  Shift Register Optimization  |               0  |               0  |                                              0  |
|  Post Processing Netlist      |               0  |               0  |                                              0  |
-------------------------------------------------------------------------------------------------------------------------



Starting Connectivity Check Task

Time (s): cpu = 00:00:00 ; elapsed = 00:00:00 . Memory (MB): peak = 1532.188 ; gain = 0.000
Ending Logic Optimization Task | Checksum: ab973857

Time (s): cpu = 00:00:00 ; elapsed = 00:00:00.017 . Memory (MB): peak = 1532.188 ; gain = 0.000

Starting Power Optimization Task
INFO: [Pwropt 34-132] Skipping clock gating for clocks with a period < 2.00 ns.
Ending Power Optimization Task | Checksum: ab973857

Time (s): cpu = 00:00:00 ; elapsed = 00:00:00.009 . Memory (MB): peak = 1532.188 ; gain = 0.000

Starting Final Cleanup Task
Ending Final Cleanup Task | Checksum: ab973857

Time (s): cpu = 00:00:00 ; elapsed = 00:00:00 . Memory (MB): peak = 1532.188 ; gain = 0.000

Starting Netlist Obfuscation Task
Netlist sorting complete. Time (s): cpu = 00:00:00 ; elapsed = 00:00:00 . Memory (MB): peak = 1532.188 ; gain = 0.000
Ending Netlist Obfuscation Task | Checksum: ab973857

Time (s): cpu = 00:00:00 ; elapsed = 00:00:00 . Memory (MB): peak = 1532.188 ; gain = 0.000
INFO: [Common 17-83] Releasing license: Implementation
22 Infos, 14 Warnings, 14 Critical Warnings and 0 Errors encountered.
opt_design completed successfully
opt_design: Time (s): cpu = 00:00:12 ; elapsed = 00:00:12 . Memory (MB): peak = 1532.188 ; gain = 512.340
INFO: [Timing 38-480] Writing timing data to binary archive.
Writing placer database...
Writing XDEF routing.
Writing XDEF routing logical nets.
Writing XDEF routing special nets.
Write XDEF Complete: Time (s): cpu = 00:00:00 ; elapsed = 00:00:00.040 . Memory (MB): peak = 1532.188 ; gain = 0.000
INFO: [Common 17-1381] The checkpoint 'C:/Users/rafat/OneDrive/Documents/FPGA/FPGA/projects/FourBitAdder/Seven_Segment/Seven_Segment.runs/impl_1/Top_Module_opt.dcp' has been generated.
INFO: [runtcl-4] Executing : report_drc -file Top_Module_drc_opted.rpt -pb Top_Module_drc_opted.pb -rpx Top_Module_drc_opted.rpx
Command: report_drc -file Top_Module_drc_opted.rpt -pb Top_Module_drc_opted.pb -rpx Top_Module_drc_opted.rpx
INFO: [IP_Flow 19-234] Refreshing IP repositories
INFO: [IP_Flow 19-1704] No user IP repositories specified
INFO: [IP_Flow 19-2313] Loaded Vivado IP repository 'C:/Xilinx/Vivado/2020.2/data/ip'.
INFO: [Timing 38-35] Done setting XDC timing constraints.
INFO: [DRC 23-27] Running DRC with 2 threads
INFO: [Coretcl 2-168] The results of DRC are in file C:/Users/rafat/OneDrive/Documents/FPGA/FPGA/projects/FourBitAdder/Seven_Segment/Seven_Segment.runs/impl_1/Top_Module_drc_opted.rpt.
report_drc completed successfully
Command: place_design
Attempting to get a license for feature 'Implementation' and/or device 'xc7a35t'
INFO: [Common 17-349] Got license for feature 'Implementation' and/or device 'xc7a35t'
INFO: [DRC 23-27] Running DRC with 2 threads
INFO: [Vivado_Tcl 4-198] DRC finished with 0 Errors
INFO: [Vivado_Tcl 4-199] Please refer to the DRC report (report_drc) for more information.
Running DRC as a precondition to command place_design
INFO: [DRC 23-27] Running DRC with 2 threads
INFO: [Vivado_Tcl 4-198] DRC finished with 0 Errors
INFO: [Vivado_Tcl 4-199] Please refer to the DRC report (report_drc) for more information.

Starting Placer Task
INFO: [Place 30-611] Multithreading enabled for place_design using a maximum of 2 CPUs

Phase 1 Placer Initialization

Phase 1.1 Placer Initialization Netlist Sorting
Netlist sorting complete. Time (s): cpu = 00:00:00 ; elapsed = 00:00:00 . Memory (MB): peak = 1575.207 ; gain = 0.000
Phase 1.1 Placer Initialization Netlist Sorting | Checksum: 8305851d

Time (s): cpu = 00:00:00 ; elapsed = 00:00:00.005 . Memory (MB): peak = 1575.207 ; gain = 0.000
Netlist sorting complete. Time (s): cpu = 00:00:00 ; elapsed = 00:00:00 . Memory (MB): peak = 1575.207 ; gain = 0.000

Phase 1.2 IO Placement/ Clock Placement/ Build Placer Device
Phase 1.2 IO Placement/ Clock Placement/ Build Placer Device | Checksum: f788d810

Time (s): cpu = 00:00:00 ; elapsed = 00:00:00.075 . Memory (MB): peak = 1575.207 ; gain = 0.000

Phase 1.3 Build Placer Netlist Model
Phase 1.3 Build Placer Netlist Model | Checksum: 1c374291b

Time (s): cpu = 00:00:00 ; elapsed = 00:00:00.086 . Memory (MB): peak = 1575.207 ; gain = 0.000

Phase 1.4 Constrain Clocks/Macros
Phase 1.4 Constrain Clocks/Macros | Checksum: 1c374291b

Time (s): cpu = 00:00:00 ; elapsed = 00:00:00.088 . Memory (MB): peak = 1575.207 ; gain = 0.000
Phase 1 Placer Initialization | Checksum: 1c374291b

Time (s): cpu = 00:00:00 ; elapsed = 00:00:00.090 . Memory (MB): peak = 1575.207 ; gain = 0.000

Phase 2 Global Placement

Phase 2.1 Floorplanning
Phase 2.1 Floorplanning | Checksum: 1c374291b

Time (s): cpu = 00:00:00 ; elapsed = 00:00:00.091 . Memory (MB): peak = 1575.207 ; gain = 0.000

Phase 2.2 Update Timing before SLR Path Opt
Phase 2.2 Update Timing before SLR Path Opt | Checksum: 1c374291b

Time (s): cpu = 00:00:00 ; elapsed = 00:00:00.092 . Memory (MB): peak = 1575.207 ; gain = 0.000

Phase 2.3 Global Placement Core
WARNING: [Place 46-29] place_design is not in timing mode. Skip physical synthesis in placer
Phase 2.3 Global Placement Core | Checksum: 1d5bc08b5

Time (s): cpu = 00:00:01 ; elapsed = 00:00:00.580 . Memory (MB): peak = 1575.207 ; gain = 0.000
Phase 2 Global Placement | Checksum: 1d5bc08b5

Time (s): cpu = 00:00:01 ; elapsed = 00:00:00.583 . Memory (MB): peak = 1575.207 ; gain = 0.000

Phase 3 Detail Placement

Phase 3.1 Commit Multi Column Macros
Phase 3.1 Commit Multi Column Macros | Checksum: 1d5bc08b5

Time (s): cpu = 00:00:01 ; elapsed = 00:00:00.585 . Memory (MB): peak = 1575.207 ; gain = 0.000

Phase 3.2 Commit Most Macros & LUTRAMs
Phase 3.2 Commit Most Macros & LUTRAMs | Checksum: 18e0b106b

Time (s): cpu = 00:00:01 ; elapsed = 00:00:00.588 . Memory (MB): peak = 1575.207 ; gain = 0.000

Phase 3.3 Area Swap Optimization
Phase 3.3 Area Swap Optimization | Checksum: 191998950

Time (s): cpu = 00:00:01 ; elapsed = 00:00:00.597 . Memory (MB): peak = 1575.207 ; gain = 0.000

Phase 3.4 Pipeline Register Optimization
Phase 3.4 Pipeline Register Optimization | Checksum: 191998950

Time (s): cpu = 00:00:01 ; elapsed = 00:00:00.598 . Memory (MB): peak = 1575.207 ; gain = 0.000

Phase 3.5 Small Shape Detail Placement
Phase 3.5 Small Shape Detail Placement | Checksum: 158614d0e

Time (s): cpu = 00:00:01 ; elapsed = 00:00:00.728 . Memory (MB): peak = 1575.207 ; gain = 0.000

Phase 3.6 Re-assign LUT pins
Phase 3.6 Re-assign LUT pins | Checksum: 158614d0e

Time (s): cpu = 00:00:01 ; elapsed = 00:00:00.732 . Memory (MB): peak = 1575.207 ; gain = 0.000

Phase 3.7 Pipeline Register Optimization
Phase 3.7 Pipeline Register Optimization | Checksum: 158614d0e

Time (s): cpu = 00:00:01 ; elapsed = 00:00:00.732 . Memory (MB): peak = 1575.207 ; gain = 0.000
Phase 3 Detail Placement | Checksum: 158614d0e

Time (s): cpu = 00:00:01 ; elapsed = 00:00:00.733 . Memory (MB): peak = 1575.207 ; gain = 0.000

Phase 4 Post Placement Optimization and Clean-Up

Phase 4.1 Post Commit Optimization
Phase 4.1 Post Commit Optimization | Checksum: 158614d0e

Time (s): cpu = 00:00:01 ; elapsed = 00:00:00.735 . Memory (MB): peak = 1575.207 ; gain = 0.000

Phase 4.2 Post Placement Cleanup
Phase 4.2 Post Placement Cleanup | Checksum: 158614d0e

Time (s): cpu = 00:00:01 ; elapsed = 00:00:00.737 . Memory (MB): peak = 1575.207 ; gain = 0.000

Phase 4.3 Placer Reporting

Phase 4.3.1 Print Estimated Congestion
INFO: [Place 30-612] Post-Placement Estimated Congestion 
 ____________________________________________________
|           | Global Congestion | Short Congestion  |
| Direction | Region Size       | Region Size       |
|___________|___________________|___________________|
|      North|                1x1|                1x1|
|___________|___________________|___________________|
|      South|                1x1|                1x1|
|___________|___________________|___________________|
|       East|                1x1|                1x1|
|___________|___________________|___________________|
|       West|                1x1|                1x1|
|___________|___________________|___________________|

Phase 4.3.1 Print Estimated Congestion | Checksum: 158614d0e

Time (s): cpu = 00:00:01 ; elapsed = 00:00:00.738 . Memory (MB): peak = 1575.207 ; gain = 0.000
Phase 4.3 Placer Reporting | Checksum: 158614d0e

Time (s): cpu = 00:00:01 ; elapsed = 00:00:00.739 . Memory (MB): peak = 1575.207 ; gain = 0.000

Phase 4.4 Final Placement Cleanup
Netlist sorting complete. Time (s): cpu = 00:00:00 ; elapsed = 00:00:00 . Memory (MB): peak = 1575.207 ; gain = 0.000

Time (s): cpu = 00:00:01 ; elapsed = 00:00:00.740 . Memory (MB): peak = 1575.207 ; gain = 0.000
Phase 4 Post Placement Optimization and Clean-Up | Checksum: 158614d0e

Time (s): cpu = 00:00:01 ; elapsed = 00:00:00.740 . Memory (MB): peak = 1575.207 ; gain = 0.000
Ending Placer Task | Checksum: af42791c

Time (s): cpu = 00:00:01 ; elapsed = 00:00:00.741 . Memory (MB): peak = 1575.207 ; gain = 0.000
INFO: [Common 17-83] Releasing license: Implementation
41 Infos, 15 Warnings, 14 Critical Warnings and 0 Errors encountered.
place_design completed successfully
INFO: [Timing 38-480] Writing timing data to binary archive.
Writing placer database...
Writing XDEF routing.
Writing XDEF routing logical nets.
Writing XDEF routing special nets.
Write XDEF Complete: Time (s): cpu = 00:00:01 ; elapsed = 00:00:00.045 . Memory (MB): peak = 1575.207 ; gain = 0.000
INFO: [Common 17-1381] The checkpoint 'C:/Users/rafat/OneDrive/Documents/FPGA/FPGA/projects/FourBitAdder/Seven_Segment/Seven_Segment.runs/impl_1/Top_Module_placed.dcp' has been generated.
INFO: [runtcl-4] Executing : report_io -file Top_Module_io_placed.rpt
report_io: Time (s): cpu = 00:00:00 ; elapsed = 00:00:00.040 . Memory (MB): peak = 1575.207 ; gain = 0.000
INFO: [runtcl-4] Executing : report_utilization -file Top_Module_utilization_placed.rpt -pb Top_Module_utilization_placed.pb
INFO: [runtcl-4] Executing : report_control_sets -verbose -file Top_Module_control_sets_placed.rpt
report_control_sets: Time (s): cpu = 00:00:00 ; elapsed = 00:00:00.003 . Memory (MB): peak = 1575.207 ; gain = 0.000
Command: phys_opt_design
Attempting to get a license for feature 'Implementation' and/or device 'xc7a35t'
INFO: [Common 17-349] Got license for feature 'Implementation' and/or device 'xc7a35t'
INFO: [Vivado_Tcl 4-235] No timing constraint found. The netlist was not modified.
INFO: [Common 17-83] Releasing license: Implementation
49 Infos, 15 Warnings, 14 Critical Warnings and 0 Errors encountered.
phys_opt_design completed successfully
INFO: [Timing 38-480] Writing timing data to binary archive.
Writing placer database...
Writing XDEF routing.
Writing XDEF routing logical nets.
Writing XDEF routing special nets.
Write XDEF Complete: Time (s): cpu = 00:00:00 ; elapsed = 00:00:00.042 . Memory (MB): peak = 1575.207 ; gain = 0.000
INFO: [Common 17-1381] The checkpoint 'C:/Users/rafat/OneDrive/Documents/FPGA/FPGA/projects/FourBitAdder/Seven_Segment/Seven_Segment.runs/impl_1/Top_Module_physopt.dcp' has been generated.
Command: route_design
Attempting to get a license for feature 'Implementation' and/or device 'xc7a35t'
INFO: [Common 17-349] Got license for feature 'Implementation' and/or device 'xc7a35t'
Running DRC as a precondition to command route_design
INFO: [DRC 23-27] Running DRC with 2 threads
INFO: [Vivado_Tcl 4-198] DRC finished with 0 Errors
INFO: [Vivado_Tcl 4-199] Please refer to the DRC report (report_drc) for more information.


Starting Routing Task
INFO: [Route 35-254] Multithreading enabled for route_design using a maximum of 2 CPUs
Checksum: PlaceDB: 4a015051 ConstDB: 0 ShapeSum: 654128cb RouteDB: 0

Phase 1 Build RT Design
Phase 1 Build RT Design | Checksum: 9883f4c1

Time (s): cpu = 00:00:20 ; elapsed = 00:00:18 . Memory (MB): peak = 1667.648 ; gain = 85.387
Post Restoration Checksum: NetGraph: 5bacefac NumContArr: 3cd70515 Constraints: 0 Timing: 0

Phase 2 Router Initialization
INFO: [Route 35-64] No timing constraints were detected. The router will operate in resource-optimization mode.

Phase 2.1 Fix Topology Constraints
Phase 2.1 Fix Topology Constraints | Checksum: 9883f4c1

Time (s): cpu = 00:00:20 ; elapsed = 00:00:18 . Memory (MB): peak = 1673.656 ; gain = 91.395

Phase 2.2 Pre Route Cleanup
Phase 2.2 Pre Route Cleanup | Checksum: 9883f4c1

Time (s): cpu = 00:00:20 ; elapsed = 00:00:18 . Memory (MB): peak = 1673.656 ; gain = 91.395
 Number of Nodes with overlaps = 0
Phase 2 Router Initialization | Checksum: 3b90c59b

Time (s): cpu = 00:00:20 ; elapsed = 00:00:18 . Memory (MB): peak = 1677.465 ; gain = 95.203

Router Utilization Summary
  Global Vertical Routing Utilization    = 0 %
  Global Horizontal Routing Utilization  = 0 %
  Routable Net Status*
  *Does not include unroutable nets such as driverless and loadless.
  Run report_route_status for detailed report.
  Number of Failed Nets               = 21
    (Failed Nets is the sum of unrouted and partially routed nets)
  Number of Unrouted Nets             = 21
  Number of Partially Routed Nets     = 0
  Number of Node Overlaps             = 0


Phase 3 Initial Routing

Phase 3.1 Global Routing
Phase 3.1 Global Routing | Checksum: 3b90c59b

Time (s): cpu = 00:00:20 ; elapsed = 00:00:18 . Memory (MB): peak = 1678.668 ; gain = 96.406
Phase 3 Initial Routing | Checksum: 13f44ac52

Time (s): cpu = 00:00:20 ; elapsed = 00:00:18 . Memory (MB): peak = 1678.668 ; gain = 96.406

Phase 4 Rip-up And Reroute

Phase 4.1 Global Iteration 0
 Number of Nodes with overlaps = 1
 Number of Nodes with overlaps = 0
Phase 4.1 Global Iteration 0 | Checksum: b10b5c24

Time (s): cpu = 00:00:20 ; elapsed = 00:00:18 . Memory (MB): peak = 1678.668 ; gain = 96.406
Phase 4 Rip-up And Reroute | Checksum: b10b5c24

Time (s): cpu = 00:00:20 ; elapsed = 00:00:18 . Memory (MB): peak = 1678.668 ; gain = 96.406

Phase 5 Delay and Skew Optimization
Phase 5 Delay and Skew Optimization | Checksum: b10b5c24

Time (s): cpu = 00:00:20 ; elapsed = 00:00:18 . Memory (MB): peak = 1678.668 ; gain = 96.406

Phase 6 Post Hold Fix

Phase 6.1 Hold Fix Iter
Phase 6.1 Hold Fix Iter | Checksum: b10b5c24

Time (s): cpu = 00:00:20 ; elapsed = 00:00:18 . Memory (MB): peak = 1678.668 ; gain = 96.406
Phase 6 Post Hold Fix | Checksum: b10b5c24

Time (s): cpu = 00:00:20 ; elapsed = 00:00:18 . Memory (MB): peak = 1678.668 ; gain = 96.406

Phase 7 Route finalize

Router Utilization Summary
  Global Vertical Routing Utilization    = 0.0729491 %
  Global Horizontal Routing Utilization  = 0.00689745 %
  Routable Net Status*
  *Does not include unroutable nets such as driverless and loadless.
  Run report_route_status for detailed report.
  Number of Failed Nets               = 0
    (Failed Nets is the sum of unrouted and partially routed nets)
  Number of Unrouted Nets             = 0
  Number of Partially Routed Nets     = 0
  Number of Node Overlaps             = 0

Congestion Report
North Dir 1x1 Area, Max Cong = 16.2162%, No Congested Regions.
South Dir 1x1 Area, Max Cong = 32.4324%, No Congested Regions.
East Dir 1x1 Area, Max Cong = 2.94118%, No Congested Regions.
West Dir 1x1 Area, Max Cong = 5.88235%, No Congested Regions.

------------------------------
Reporting congestion hotspots
------------------------------
Direction: North
----------------
Congested clusters found at Level 0
Effective congestion level: 0 Aspect Ratio: 1 Sparse Ratio: 0
Direction: South
----------------
Congested clusters found at Level 0
Effective congestion level: 0 Aspect Ratio: 1 Sparse Ratio: 0
Direction: East
----------------
Congested clusters found at Level 0
Effective congestion level: 0 Aspect Ratio: 1 Sparse Ratio: 0
Direction: West
----------------
Congested clusters found at Level 0
Effective congestion level: 0 Aspect Ratio: 1 Sparse Ratio: 0

Phase 7 Route finalize | Checksum: b10b5c24

Time (s): cpu = 00:00:20 ; elapsed = 00:00:18 . Memory (MB): peak = 1678.668 ; gain = 96.406

Phase 8 Verifying routed nets

 Verification completed successfully
Phase 8 Verifying routed nets | Checksum: b10b5c24

Time (s): cpu = 00:00:20 ; elapsed = 00:00:18 . Memory (MB): peak = 1679.336 ; gain = 97.074

Phase 9 Depositing Routes
Phase 9 Depositing Routes | Checksum: e4beb825

Time (s): cpu = 00:00:20 ; elapsed = 00:00:18 . Memory (MB): peak = 1679.336 ; gain = 97.074
INFO: [Route 35-16] Router Completed Successfully

Time (s): cpu = 00:00:20 ; elapsed = 00:00:18 . Memory (MB): peak = 1679.336 ; gain = 97.074

Routing Is Done.
INFO: [Common 17-83] Releasing license: Implementation
59 Infos, 15 Warnings, 14 Critical Warnings and 0 Errors encountered.
route_design completed successfully
route_design: Time (s): cpu = 00:00:22 ; elapsed = 00:00:19 . Memory (MB): peak = 1679.336 ; gain = 104.129
INFO: [Timing 38-480] Writing timing data to binary archive.
Writing placer database...
Writing XDEF routing.
Writing XDEF routing logical nets.
Writing XDEF routing special nets.
Write XDEF Complete: Time (s): cpu = 00:00:00 ; elapsed = 00:00:00.045 . Memory (MB): peak = 1689.180 ; gain = 9.844
INFO: [Common 17-1381] The checkpoint 'C:/Users/rafat/OneDrive/Documents/FPGA/FPGA/projects/FourBitAdder/Seven_Segment/Seven_Segment.runs/impl_1/Top_Module_routed.dcp' has been generated.
INFO: [runtcl-4] Executing : report_drc -file Top_Module_drc_routed.rpt -pb Top_Module_drc_routed.pb -rpx Top_Module_drc_routed.rpx
Command: report_drc -file Top_Module_drc_routed.rpt -pb Top_Module_drc_routed.pb -rpx Top_Module_drc_routed.rpx
INFO: [IP_Flow 19-1839] IP Catalog is up to date.
INFO: [DRC 23-27] Running DRC with 2 threads
INFO: [Coretcl 2-168] The results of DRC are in file C:/Users/rafat/OneDrive/Documents/FPGA/FPGA/projects/FourBitAdder/Seven_Segment/Seven_Segment.runs/impl_1/Top_Module_drc_routed.rpt.
report_drc completed successfully
INFO: [runtcl-4] Executing : report_methodology -file Top_Module_methodology_drc_routed.rpt -pb Top_Module_methodology_drc_routed.pb -rpx Top_Module_methodology_drc_routed.rpx
Command: report_methodology -file Top_Module_methodology_drc_routed.rpt -pb Top_Module_methodology_drc_routed.pb -rpx Top_Module_methodology_drc_routed.rpx
INFO: [Timing 38-35] Done setting XDC timing constraints.
INFO: [DRC 23-133] Running Methodology with 2 threads
INFO: [Coretcl 2-1520] The results of Report Methodology are in file C:/Users/rafat/OneDrive/Documents/FPGA/FPGA/projects/FourBitAdder/Seven_Segment/Seven_Segment.runs/impl_1/Top_Module_methodology_drc_routed.rpt.
report_methodology completed successfully
INFO: [runtcl-4] Executing : report_power -file Top_Module_power_routed.rpt -pb Top_Module_power_summary_routed.pb -rpx Top_Module_power_routed.rpx
Command: report_power -file Top_Module_power_routed.rpt -pb Top_Module_power_summary_routed.pb -rpx Top_Module_power_routed.rpx
INFO: [Timing 38-35] Done setting XDC timing constraints.
WARNING: [Power 33-232] No user defined clocks were found in the design! Power estimation will be inaccurate until this is corrected.
Resolution: Please specify clocks using create_clock/create_generated_clock for sequential elements. For pure combinatorial circuits, please specify a virtual clock, otherwise the vectorless estimation might be inaccurate
Running Vector-less Activity Propagation...

Finished Running Vector-less Activity Propagation
71 Infos, 16 Warnings, 14 Critical Warnings and 0 Errors encountered.
report_power completed successfully
INFO: [runtcl-4] Executing : report_route_status -file Top_Module_route_status.rpt -pb Top_Module_route_status.pb
INFO: [runtcl-4] Executing : report_timing_summary -max_paths 10 -file Top_Module_timing_summary_routed.rpt -pb Top_Module_timing_summary_routed.pb -rpx Top_Module_timing_summary_routed.rpx -warn_on_violation 
INFO: [Timing 38-91] UpdateTimingParams: Speed grade: -1, Delay Type: min_max.
INFO: [Timing 38-191] Multithreading enabled for timing update using a maximum of 2 CPUs
WARNING: [Timing 38-313] There are no user specified timing constraints. Timing constraints are needed for proper timing analysis.
INFO: [runtcl-4] Executing : report_incremental_reuse -file Top_Module_incremental_reuse_routed.rpt
INFO: [Vivado_Tcl 4-1062] Incremental flow is disabled. No incremental reuse Info to report.
INFO: [runtcl-4] Executing : report_clock_utilization -file Top_Module_clock_utilization_routed.rpt
INFO: [runtcl-4] Executing : report_bus_skew -warn_on_violation -file Top_Module_bus_skew_routed.rpt -pb Top_Module_bus_skew_routed.pb -rpx Top_Module_bus_skew_routed.rpx
INFO: [Timing 38-91] UpdateTimingParams: Speed grade: -1, Delay Type: min_max.
INFO: [Timing 38-191] Multithreading enabled for timing update using a maximum of 2 CPUs
INFO: [Common 17-206] Exiting Vivado at Sun Dec 27 03:37:13 2020...

*** Running vivado
    with args -log Top_Module.vdi -applog -m64 -product Vivado -messageDb vivado.pb -mode batch -source Top_Module.tcl -notrace



****** Vivado v2020.2 (64-bit)
  **** SW Build 3064766 on Wed Nov 18 09:12:45 MST 2020
  **** IP Build 3064653 on Wed Nov 18 14:17:31 MST 2020
    ** Copyright 1986-2020 Xilinx, Inc. All Rights Reserved.

source Top_Module.tcl -notrace
Command: open_checkpoint Top_Module_routed.dcp

Starting open_checkpoint Task

Time (s): cpu = 00:00:00 ; elapsed = 00:00:00.050 . Memory (MB): peak = 1017.414 ; gain = 0.000
INFO: [Device 21-403] Loading part xc7a35tcpg236-1
Netlist sorting complete. Time (s): cpu = 00:00:00 ; elapsed = 00:00:00 . Memory (MB): peak = 1017.414 ; gain = 0.000
INFO: [Project 1-479] Netlist was created with Vivado 2020.2
INFO: [Project 1-570] Preparing netlist for logic optimization
INFO: [Timing 38-478] Restoring timing data from binary archive.
INFO: [Timing 38-479] Binary timing data restore complete.
INFO: [Project 1-856] Restoring constraints from binary archive.
INFO: [Project 1-853] Binary constraint restore complete.
Reading XDEF placement.
Reading placer database...
Reading XDEF routing.
Read XDEF File: Time (s): cpu = 00:00:01 ; elapsed = 00:00:00.105 . Memory (MB): peak = 1322.750 ; gain = 17.477
Restored from archive | CPU: 1.000000 secs | Memory: 0.000000 MB |
Finished XDEF File Restore: Time (s): cpu = 00:00:01 ; elapsed = 00:00:00.105 . Memory (MB): peak = 1322.750 ; gain = 17.477
Netlist sorting complete. Time (s): cpu = 00:00:00 ; elapsed = 00:00:00 . Memory (MB): peak = 1322.750 ; gain = 0.000
INFO: [Project 1-111] Unisim Transformation Summary:
No Unisim elements were transformed.

INFO: [Project 1-604] Checkpoint was created with Vivado v2020.2 (64-bit) build 3064766
open_checkpoint: Time (s): cpu = 00:00:16 ; elapsed = 00:00:18 . Memory (MB): peak = 1322.750 ; gain = 305.336
Command: write_bitstream -force Top_Module.bit
Attempting to get a license for feature 'Implementation' and/or device 'xc7a35t'
INFO: [Common 17-349] Got license for feature 'Implementation' and/or device 'xc7a35t'
Running DRC as a precondition to command write_bitstream
INFO: [IP_Flow 19-234] Refreshing IP repositories
INFO: [IP_Flow 19-1704] No user IP repositories specified
INFO: [IP_Flow 19-2313] Loaded Vivado IP repository 'C:/Xilinx/Vivado/2020.2/data/ip'.
INFO: [DRC 23-27] Running DRC with 2 threads
ERROR: [DRC NSTD-1] Unspecified I/O Standard: 7 out of 21 logical ports use I/O standard (IOSTANDARD) value 'DEFAULT', instead of a user assigned specific value. This may cause I/O contention or incompatibility with the board power or connectivity affecting performance, signal integrity or in extreme cases cause damage to the device or the components to which it is connected. To correct this violation, specify all I/O standards. This design will fail to generate a bitstream unless all logical ports have a user specified I/O standard value defined. To allow bitstream creation with unspecified I/O standard values (not recommended), use this command: set_property SEVERITY {Warning} [get_drc_checks NSTD-1].  NOTE: When using the Vivado Runs infrastructure (e.g. launch_runs Tcl command), add this command to a .tcl file and add that file as a pre-hook for write_bitstream step for the implementation run. Problem ports: Seg[6:0].
ERROR: [DRC UCIO-1] Unconstrained Logical Port: 7 out of 21 logical ports have no user assigned specific location constraint (LOC). This may cause I/O contention or incompatibility with the board power or connectivity affecting performance, signal integrity or in extreme cases cause damage to the device or the components to which it is connected. To correct this violation, specify all pin locations. This design will fail to generate a bitstream unless all logical ports have a user specified site LOC constraint defined.  To allow bitstream creation with unspecified pin locations (not recommended), use this command: set_property SEVERITY {Warning} [get_drc_checks UCIO-1].  NOTE: When using the Vivado Runs infrastructure (e.g. launch_runs Tcl command), add this command to a .tcl file and add that file as a pre-hook for write_bitstream step for the implementation run.  Problem ports: Seg[6:0].
WARNING: [DRC CFGBVS-1] Missing CFGBVS and CONFIG_VOLTAGE Design Properties: Neither the CFGBVS nor CONFIG_VOLTAGE voltage property is set in the current_design.  Configuration bank voltage select (CFGBVS) must be set to VCCO or GND, and CONFIG_VOLTAGE must be set to the correct configuration voltage, in order to determine the I/O voltage support for the pins in bank 0.  It is suggested to specify these either using the 'Edit Device Properties' function in the GUI or directly in the XDC file using the following syntax:

 set_property CFGBVS value1 [current_design]
 #where value1 is either VCCO or GND

 set_property CONFIG_VOLTAGE value2 [current_design]
 #where value2 is the voltage provided to configuration bank 0

Refer to the device configuration user guide for more information.
INFO: [Vivado 12-3199] DRC finished with 2 Errors, 1 Warnings
INFO: [Vivado 12-3200] Please refer to the DRC report (report_drc) for more information.
ERROR: [Vivado 12-1345] Error(s) found during DRC. Bitgen not run.
INFO: [Common 17-83] Releasing license: Implementation
17 Infos, 1 Warnings, 0 Critical Warnings and 3 Errors encountered.
write_bitstream failed
ERROR: [Common 17-39] 'write_bitstream' failed due to earlier errors.

INFO: [Common 17-206] Exiting Vivado at Sun Dec 27 03:38:22 2020...
