
*** Running vivado
    with args -log Simple_Calculator.vds -m64 -product Vivado -mode batch -messageDb vivado.pb -notrace -source Simple_Calculator.tcl



****** Vivado v2020.2 (64-bit)
  **** SW Build 3064766 on Wed Nov 18 09:12:45 MST 2020
  **** IP Build 3064653 on Wed Nov 18 14:17:31 MST 2020
    ** Copyright 1986-2020 Xilinx, Inc. All Rights Reserved.

source Simple_Calculator.tcl -notrace
Command: synth_design -top Simple_Calculator -part xc7a35tcpg236-1
Starting synth_design
Attempting to get a license for feature 'Synthesis' and/or device 'xc7a35t'
INFO: [Common 17-349] Got license for feature 'Synthesis' and/or device 'xc7a35t'
INFO: [Device 21-403] Loading part xc7a35tcpg236-1
INFO: [Synth 8-7079] Multithreading enabled for synth_design using a maximum of 2 processes.
INFO: [Synth 8-7078] Launching helper process for spawning children vivado processes
INFO: [Synth 8-7075] Helper process launched with PID 19544
---------------------------------------------------------------------------------
Starting RTL Elaboration : Time (s): cpu = 00:00:04 ; elapsed = 00:00:05 . Memory (MB): peak = 1013.801 ; gain = 0.000
---------------------------------------------------------------------------------
INFO: [Synth 8-6157] synthesizing module 'Simple_Calculator' [C:/Users/rafat/OneDrive/Documents/FPGA/FPGA/projects/Calculator_4bit/Calculator4bit/Calculator4bit.srcs/sources_1/new/Simple_Calculator.v:23]
INFO: [Synth 8-6155] done synthesizing module 'Simple_Calculator' (1#1) [C:/Users/rafat/OneDrive/Documents/FPGA/FPGA/projects/Calculator_4bit/Calculator4bit/Calculator4bit.srcs/sources_1/new/Simple_Calculator.v:23]
---------------------------------------------------------------------------------
Finished RTL Elaboration : Time (s): cpu = 00:00:05 ; elapsed = 00:00:06 . Memory (MB): peak = 1013.801 ; gain = 0.000
---------------------------------------------------------------------------------
---------------------------------------------------------------------------------
Start Handling Custom Attributes
---------------------------------------------------------------------------------
---------------------------------------------------------------------------------
Finished Handling Custom Attributes : Time (s): cpu = 00:00:06 ; elapsed = 00:00:07 . Memory (MB): peak = 1013.801 ; gain = 0.000
---------------------------------------------------------------------------------
---------------------------------------------------------------------------------
Finished RTL Optimization Phase 1 : Time (s): cpu = 00:00:06 ; elapsed = 00:00:07 . Memory (MB): peak = 1013.801 ; gain = 0.000
---------------------------------------------------------------------------------
Netlist sorting complete. Time (s): cpu = 00:00:00 ; elapsed = 00:00:00.001 . Memory (MB): peak = 1013.801 ; gain = 0.000
INFO: [Project 1-570] Preparing netlist for logic optimization

Processing XDC Constraints
Initializing timing engine
Parsing XDC File [C:/Users/rafat/OneDrive/Documents/FPGA/FPGA/projects/Calculator_4bit/Calculator4bit/Calculator4bit.srcs/constrs_1/new/Basic_calculator.xdc]
WARNING: [Vivado 12-584] No ports matched 'sw[10]'. [C:/Users/rafat/OneDrive/Documents/FPGA/FPGA/projects/Calculator_4bit/Calculator4bit/Calculator4bit.srcs/constrs_1/new/Basic_calculator.xdc:21]
CRITICAL WARNING: [Common 17-55] 'set_property' expects at least one object. [C:/Users/rafat/OneDrive/Documents/FPGA/FPGA/projects/Calculator_4bit/Calculator4bit/Calculator4bit.srcs/constrs_1/new/Basic_calculator.xdc:21]
Resolution: If [get_<value>] was used to populate the object, check to make sure this command returns at least one valid object.
WARNING: [Vivado 12-584] No ports matched 'sw[10]'. [C:/Users/rafat/OneDrive/Documents/FPGA/FPGA/projects/Calculator_4bit/Calculator4bit/Calculator4bit.srcs/constrs_1/new/Basic_calculator.xdc:22]
CRITICAL WARNING: [Common 17-55] 'set_property' expects at least one object. [C:/Users/rafat/OneDrive/Documents/FPGA/FPGA/projects/Calculator_4bit/Calculator4bit/Calculator4bit.srcs/constrs_1/new/Basic_calculator.xdc:22]
Resolution: If [get_<value>] was used to populate the object, check to make sure this command returns at least one valid object.
WARNING: [Vivado 12-584] No ports matched 'sw[11]'. [C:/Users/rafat/OneDrive/Documents/FPGA/FPGA/projects/Calculator_4bit/Calculator4bit/Calculator4bit.srcs/constrs_1/new/Basic_calculator.xdc:23]
CRITICAL WARNING: [Common 17-55] 'set_property' expects at least one object. [C:/Users/rafat/OneDrive/Documents/FPGA/FPGA/projects/Calculator_4bit/Calculator4bit/Calculator4bit.srcs/constrs_1/new/Basic_calculator.xdc:23]
Resolution: If [get_<value>] was used to populate the object, check to make sure this command returns at least one valid object.
WARNING: [Vivado 12-584] No ports matched 'sw[11]'. [C:/Users/rafat/OneDrive/Documents/FPGA/FPGA/projects/Calculator_4bit/Calculator4bit/Calculator4bit.srcs/constrs_1/new/Basic_calculator.xdc:24]
CRITICAL WARNING: [Common 17-55] 'set_property' expects at least one object. [C:/Users/rafat/OneDrive/Documents/FPGA/FPGA/projects/Calculator_4bit/Calculator4bit/Calculator4bit.srcs/constrs_1/new/Basic_calculator.xdc:24]
Resolution: If [get_<value>] was used to populate the object, check to make sure this command returns at least one valid object.
WARNING: [Vivado 12-584] No ports matched 'sw[12]'. [C:/Users/rafat/OneDrive/Documents/FPGA/FPGA/projects/Calculator_4bit/Calculator4bit/Calculator4bit.srcs/constrs_1/new/Basic_calculator.xdc:25]
CRITICAL WARNING: [Common 17-55] 'set_property' expects at least one object. [C:/Users/rafat/OneDrive/Documents/FPGA/FPGA/projects/Calculator_4bit/Calculator4bit/Calculator4bit.srcs/constrs_1/new/Basic_calculator.xdc:25]
Resolution: If [get_<value>] was used to populate the object, check to make sure this command returns at least one valid object.
WARNING: [Vivado 12-584] No ports matched 'sw[12]'. [C:/Users/rafat/OneDrive/Documents/FPGA/FPGA/projects/Calculator_4bit/Calculator4bit/Calculator4bit.srcs/constrs_1/new/Basic_calculator.xdc:26]
CRITICAL WARNING: [Common 17-55] 'set_property' expects at least one object. [C:/Users/rafat/OneDrive/Documents/FPGA/FPGA/projects/Calculator_4bit/Calculator4bit/Calculator4bit.srcs/constrs_1/new/Basic_calculator.xdc:26]
Resolution: If [get_<value>] was used to populate the object, check to make sure this command returns at least one valid object.
WARNING: [Vivado 12-584] No ports matched 'sw[13]'. [C:/Users/rafat/OneDrive/Documents/FPGA/FPGA/projects/Calculator_4bit/Calculator4bit/Calculator4bit.srcs/constrs_1/new/Basic_calculator.xdc:27]
CRITICAL WARNING: [Common 17-55] 'set_property' expects at least one object. [C:/Users/rafat/OneDrive/Documents/FPGA/FPGA/projects/Calculator_4bit/Calculator4bit/Calculator4bit.srcs/constrs_1/new/Basic_calculator.xdc:27]
Resolution: If [get_<value>] was used to populate the object, check to make sure this command returns at least one valid object.
WARNING: [Vivado 12-584] No ports matched 'sw[13]'. [C:/Users/rafat/OneDrive/Documents/FPGA/FPGA/projects/Calculator_4bit/Calculator4bit/Calculator4bit.srcs/constrs_1/new/Basic_calculator.xdc:28]
CRITICAL WARNING: [Common 17-55] 'set_property' expects at least one object. [C:/Users/rafat/OneDrive/Documents/FPGA/FPGA/projects/Calculator_4bit/Calculator4bit/Calculator4bit.srcs/constrs_1/new/Basic_calculator.xdc:28]
Resolution: If [get_<value>] was used to populate the object, check to make sure this command returns at least one valid object.
WARNING: [Vivado 12-584] No ports matched 'sw[14]'. [C:/Users/rafat/OneDrive/Documents/FPGA/FPGA/projects/Calculator_4bit/Calculator4bit/Calculator4bit.srcs/constrs_1/new/Basic_calculator.xdc:29]
CRITICAL WARNING: [Common 17-55] 'set_property' expects at least one object. [C:/Users/rafat/OneDrive/Documents/FPGA/FPGA/projects/Calculator_4bit/Calculator4bit/Calculator4bit.srcs/constrs_1/new/Basic_calculator.xdc:29]
Resolution: If [get_<value>] was used to populate the object, check to make sure this command returns at least one valid object.
WARNING: [Vivado 12-584] No ports matched 'sw[14]'. [C:/Users/rafat/OneDrive/Documents/FPGA/FPGA/projects/Calculator_4bit/Calculator4bit/Calculator4bit.srcs/constrs_1/new/Basic_calculator.xdc:30]
CRITICAL WARNING: [Common 17-55] 'set_property' expects at least one object. [C:/Users/rafat/OneDrive/Documents/FPGA/FPGA/projects/Calculator_4bit/Calculator4bit/Calculator4bit.srcs/constrs_1/new/Basic_calculator.xdc:30]
Resolution: If [get_<value>] was used to populate the object, check to make sure this command returns at least one valid object.
WARNING: [Vivado 12-584] No ports matched 'sw[15]'. [C:/Users/rafat/OneDrive/Documents/FPGA/FPGA/projects/Calculator_4bit/Calculator4bit/Calculator4bit.srcs/constrs_1/new/Basic_calculator.xdc:31]
CRITICAL WARNING: [Common 17-55] 'set_property' expects at least one object. [C:/Users/rafat/OneDrive/Documents/FPGA/FPGA/projects/Calculator_4bit/Calculator4bit/Calculator4bit.srcs/constrs_1/new/Basic_calculator.xdc:31]
Resolution: If [get_<value>] was used to populate the object, check to make sure this command returns at least one valid object.
WARNING: [Vivado 12-584] No ports matched 'sw[15]'. [C:/Users/rafat/OneDrive/Documents/FPGA/FPGA/projects/Calculator_4bit/Calculator4bit/Calculator4bit.srcs/constrs_1/new/Basic_calculator.xdc:32]
CRITICAL WARNING: [Common 17-55] 'set_property' expects at least one object. [C:/Users/rafat/OneDrive/Documents/FPGA/FPGA/projects/Calculator_4bit/Calculator4bit/Calculator4bit.srcs/constrs_1/new/Basic_calculator.xdc:32]
Resolution: If [get_<value>] was used to populate the object, check to make sure this command returns at least one valid object.
Finished Parsing XDC File [C:/Users/rafat/OneDrive/Documents/FPGA/FPGA/projects/Calculator_4bit/Calculator4bit/Calculator4bit.srcs/constrs_1/new/Basic_calculator.xdc]
INFO: [Project 1-236] Implementation specific constraints were found while reading constraint file [C:/Users/rafat/OneDrive/Documents/FPGA/FPGA/projects/Calculator_4bit/Calculator4bit/Calculator4bit.srcs/constrs_1/new/Basic_calculator.xdc]. These constraints will be ignored for synthesis but will be used in implementation. Impacted constraints are listed in the file [.Xil/Simple_Calculator_propImpl.xdc].
Resolution: To avoid this warning, move constraints listed in [.Xil/Simple_Calculator_propImpl.xdc] to another XDC file and exclude this new file from synthesis with the used_in_synthesis property (File Properties dialog in GUI) and re-run elaboration/synthesis.
Completed Processing XDC Constraints

Netlist sorting complete. Time (s): cpu = 00:00:00 ; elapsed = 00:00:00 . Memory (MB): peak = 1078.617 ; gain = 0.000
INFO: [Project 1-111] Unisim Transformation Summary:
No Unisim elements were transformed.

Constraint Validation Runtime : Time (s): cpu = 00:00:00 ; elapsed = 00:00:00.004 . Memory (MB): peak = 1078.617 ; gain = 0.000
---------------------------------------------------------------------------------
Finished Constraint Validation : Time (s): cpu = 00:00:13 ; elapsed = 00:00:14 . Memory (MB): peak = 1078.617 ; gain = 64.816
---------------------------------------------------------------------------------
---------------------------------------------------------------------------------
Start Loading Part and Timing Information
---------------------------------------------------------------------------------
Loading part: xc7a35tcpg236-1
---------------------------------------------------------------------------------
Finished Loading Part and Timing Information : Time (s): cpu = 00:00:13 ; elapsed = 00:00:14 . Memory (MB): peak = 1078.617 ; gain = 64.816
---------------------------------------------------------------------------------
---------------------------------------------------------------------------------
Start Applying 'set_property' XDC Constraints
---------------------------------------------------------------------------------
---------------------------------------------------------------------------------
Finished applying 'set_property' XDC Constraints : Time (s): cpu = 00:00:13 ; elapsed = 00:00:14 . Memory (MB): peak = 1078.617 ; gain = 64.816
---------------------------------------------------------------------------------
---------------------------------------------------------------------------------
Finished RTL Optimization Phase 2 : Time (s): cpu = 00:00:14 ; elapsed = 00:00:15 . Memory (MB): peak = 1078.617 ; gain = 64.816
---------------------------------------------------------------------------------
---------------------------------------------------------------------------------
Start RTL Component Statistics 
---------------------------------------------------------------------------------
Detailed RTL Component Info : 
+---Adders : 
	   3 Input    8 Bit       Adders := 1     
	   2 Input    5 Bit       Adders := 1     
---------------------------------------------------------------------------------
Finished RTL Component Statistics 
---------------------------------------------------------------------------------
---------------------------------------------------------------------------------
Start Part Resource Summary
---------------------------------------------------------------------------------
Part Resources:
DSPs: 90 (col length:60)
BRAMs: 100 (col length: RAMB18 60 RAMB36 30)
---------------------------------------------------------------------------------
Finished Part Resource Summary
---------------------------------------------------------------------------------
---------------------------------------------------------------------------------
Start Cross Boundary and Area Optimization
---------------------------------------------------------------------------------
---------------------------------------------------------------------------------
Finished Cross Boundary and Area Optimization : Time (s): cpu = 00:00:16 ; elapsed = 00:00:17 . Memory (MB): peak = 1078.617 ; gain = 64.816
---------------------------------------------------------------------------------
---------------------------------------------------------------------------------
Start Applying XDC Timing Constraints
---------------------------------------------------------------------------------
---------------------------------------------------------------------------------
Finished Applying XDC Timing Constraints : Time (s): cpu = 00:00:22 ; elapsed = 00:00:23 . Memory (MB): peak = 1078.617 ; gain = 64.816
---------------------------------------------------------------------------------
---------------------------------------------------------------------------------
Start Timing Optimization
---------------------------------------------------------------------------------
---------------------------------------------------------------------------------
Finished Timing Optimization : Time (s): cpu = 00:00:22 ; elapsed = 00:00:23 . Memory (MB): peak = 1078.617 ; gain = 64.816
---------------------------------------------------------------------------------
---------------------------------------------------------------------------------
Start Technology Mapping
---------------------------------------------------------------------------------
---------------------------------------------------------------------------------
Finished Technology Mapping : Time (s): cpu = 00:00:22 ; elapsed = 00:00:23 . Memory (MB): peak = 1078.617 ; gain = 64.816
---------------------------------------------------------------------------------
---------------------------------------------------------------------------------
Start IO Insertion
---------------------------------------------------------------------------------
---------------------------------------------------------------------------------
Start Flattening Before IO Insertion
---------------------------------------------------------------------------------
---------------------------------------------------------------------------------
Finished Flattening Before IO Insertion
---------------------------------------------------------------------------------
---------------------------------------------------------------------------------
Start Final Netlist Cleanup
---------------------------------------------------------------------------------
---------------------------------------------------------------------------------
Finished Final Netlist Cleanup
---------------------------------------------------------------------------------
---------------------------------------------------------------------------------
Finished IO Insertion : Time (s): cpu = 00:00:26 ; elapsed = 00:00:27 . Memory (MB): peak = 1078.617 ; gain = 64.816
---------------------------------------------------------------------------------
---------------------------------------------------------------------------------
Start Renaming Generated Instances
---------------------------------------------------------------------------------
---------------------------------------------------------------------------------
Finished Renaming Generated Instances : Time (s): cpu = 00:00:26 ; elapsed = 00:00:27 . Memory (MB): peak = 1078.617 ; gain = 64.816
---------------------------------------------------------------------------------
---------------------------------------------------------------------------------
Start Rebuilding User Hierarchy
---------------------------------------------------------------------------------
---------------------------------------------------------------------------------
Finished Rebuilding User Hierarchy : Time (s): cpu = 00:00:26 ; elapsed = 00:00:27 . Memory (MB): peak = 1078.617 ; gain = 64.816
---------------------------------------------------------------------------------
---------------------------------------------------------------------------------
Start Renaming Generated Ports
---------------------------------------------------------------------------------
---------------------------------------------------------------------------------
Finished Renaming Generated Ports : Time (s): cpu = 00:00:26 ; elapsed = 00:00:27 . Memory (MB): peak = 1078.617 ; gain = 64.816
---------------------------------------------------------------------------------
---------------------------------------------------------------------------------
Start Handling Custom Attributes
---------------------------------------------------------------------------------
---------------------------------------------------------------------------------
Finished Handling Custom Attributes : Time (s): cpu = 00:00:26 ; elapsed = 00:00:27 . Memory (MB): peak = 1078.617 ; gain = 64.816
---------------------------------------------------------------------------------
---------------------------------------------------------------------------------
Start Renaming Generated Nets
---------------------------------------------------------------------------------
---------------------------------------------------------------------------------
Finished Renaming Generated Nets : Time (s): cpu = 00:00:26 ; elapsed = 00:00:27 . Memory (MB): peak = 1078.617 ; gain = 64.816
---------------------------------------------------------------------------------
---------------------------------------------------------------------------------
Start Writing Synthesis Report
---------------------------------------------------------------------------------

Report BlackBoxes: 
+-+--------------+----------+
| |BlackBox name |Instances |
+-+--------------+----------+
+-+--------------+----------+

Report Cell Usage: 
+------+-------+------+
|      |Cell   |Count |
+------+-------+------+
|1     |CARRY4 |     2|
|2     |LUT2   |     5|
|3     |LUT4   |    10|
|4     |LUT5   |     6|
|5     |LUT6   |    25|
|6     |MUXF7  |     2|
|7     |MUXF8  |     1|
|8     |IBUF   |    10|
|9     |OBUF   |     8|
+------+-------+------+
---------------------------------------------------------------------------------
Finished Writing Synthesis Report : Time (s): cpu = 00:00:26 ; elapsed = 00:00:27 . Memory (MB): peak = 1078.617 ; gain = 64.816
---------------------------------------------------------------------------------
Synthesis finished with 0 errors, 0 critical warnings and 0 warnings.
Synthesis Optimization Runtime : Time (s): cpu = 00:00:18 ; elapsed = 00:00:25 . Memory (MB): peak = 1078.617 ; gain = 0.000
Synthesis Optimization Complete : Time (s): cpu = 00:00:26 ; elapsed = 00:00:27 . Memory (MB): peak = 1078.617 ; gain = 64.816
INFO: [Project 1-571] Translating synthesized netlist
Netlist sorting complete. Time (s): cpu = 00:00:00 ; elapsed = 00:00:00.001 . Memory (MB): peak = 1085.469 ; gain = 0.000
INFO: [Netlist 29-17] Analyzing 5 Unisim elements for replacement
INFO: [Netlist 29-28] Unisim Transformation completed in 0 CPU seconds
INFO: [Project 1-570] Preparing netlist for logic optimization
INFO: [Opt 31-138] Pushed 0 inverter(s) to 0 load pin(s).
Netlist sorting complete. Time (s): cpu = 00:00:00 ; elapsed = 00:00:00 . Memory (MB): peak = 1097.867 ; gain = 0.000
INFO: [Project 1-111] Unisim Transformation Summary:
No Unisim elements were transformed.

INFO: [Common 17-83] Releasing license: Synthesis
17 Infos, 12 Warnings, 12 Critical Warnings and 0 Errors encountered.
synth_design completed successfully
synth_design: Time (s): cpu = 00:00:32 ; elapsed = 00:00:35 . Memory (MB): peak = 1097.867 ; gain = 84.066
INFO: [runtcl-6] Synthesis results are not added to the cache due to CRITICAL_WARNING
INFO: [Common 17-1381] The checkpoint 'C:/Users/rafat/OneDrive/Documents/FPGA/FPGA/projects/Calculator_4bit/Calculator4bit/Calculator4bit.runs/synth_1/Simple_Calculator.dcp' has been generated.
INFO: [runtcl-4] Executing : report_utilization -file Simple_Calculator_utilization_synth.rpt -pb Simple_Calculator_utilization_synth.pb
INFO: [Common 17-206] Exiting Vivado at Sat Dec 26 14:26:17 2020...
